01/16/14 10:45:11 AM IST - Building message catalogs...
01/16/14 10:45:11 AM IST - Building Linux x86 install...  
01/16/14 10:45:11 AM IST - Building main.tcl...
01/16/14 10:45:11 AM IST - Refreshing file groups...
01/16/14 10:45:11 AM IST - Getting file list...
01/16/14 10:45:11 AM IST - File '/usr/local/SAM4S_Ellix40S' does not exist!
01/16/14 10:45:11 AM IST - Linux x86 build completed with errors
01/16/14 10:45:11 AM IST - Building Linux x86 64 install...  
01/16/14 10:45:11 AM IST - Building main.tcl...
01/16/14 10:45:11 AM IST - Getting file list...
01/16/14 10:45:11 AM IST - File '/usr/local/SAM4S_Ellix40S' does not exist!
01/16/14 10:45:11 AM IST - Linux x86 64 build completed with errors
01/16/14 10:45:11 AM IST - Build completed in 00m00s.
01/20/14 10:26:45 AM IST - Building message catalogs...
01/20/14 10:26:45 AM IST - Building Linux x86 install...  
01/20/14 10:26:45 AM IST - Building main.tcl...
01/20/14 10:26:45 AM IST - Refreshing file groups...
01/20/14 10:26:45 AM IST - Getting file list...
01/20/14 10:26:45 AM IST - Building file manifest...
01/20/14 10:26:45 AM IST - Saving install information...
01/20/14 10:26:46 AM IST - Building install...
01/20/14 10:26:46 AM IST - Building install executable...
01/20/14 10:26:46 AM IST - Linux x86 build completed in 00m01s.
01/20/14 10:26:46 AM IST - Installer size is 1.38 MB.
01/20/14 10:26:46 AM IST - Building Linux x86 64 install...  
01/20/14 10:26:46 AM IST - Building main.tcl...
01/20/14 10:26:46 AM IST - Getting file list...
01/20/14 10:26:46 AM IST - Building file manifest...
01/20/14 10:26:46 AM IST - Saving install information...
01/20/14 10:26:48 AM IST - Building install...
01/20/14 10:26:48 AM IST - Building install executable...
01/20/14 10:26:48 AM IST - Linux x86 64 build completed in 00m02s.
01/20/14 10:26:48 AM IST - Installer size is 1.41 MB.
01/20/14 10:26:48 AM IST - Build completed in 00m03s.
01/20/14 10:43:27 AM IST - Building message catalogs...
01/20/14 10:43:27 AM IST - Building Linux x86 install...  
01/20/14 10:43:27 AM IST - Building main.tcl...
01/20/14 10:43:27 AM IST - Refreshing file groups...
01/20/14 10:43:27 AM IST - Getting file list...
01/20/14 10:43:27 AM IST - Building file manifest...
01/20/14 10:43:27 AM IST - Saving install information...
01/20/14 10:43:28 AM IST - Building install...
01/20/14 10:43:29 AM IST - Building install executable...
01/20/14 10:43:29 AM IST - Linux x86 build completed in 00m02s.
01/20/14 10:43:29 AM IST - Installer size is 1.38 MB.
01/20/14 10:43:29 AM IST - Building Linux x86 64 install...  
01/20/14 10:43:29 AM IST - Building main.tcl...
01/20/14 10:43:29 AM IST - Getting file list...
01/20/14 10:43:29 AM IST - Building file manifest...
01/20/14 10:43:29 AM IST - Saving install information...
01/20/14 10:43:30 AM IST - Building install...
01/20/14 10:43:30 AM IST - Building install executable...
01/20/14 10:43:30 AM IST - Linux x86 64 build completed in 00m01s.
01/20/14 10:43:30 AM IST - Installer size is 1.41 MB.
01/20/14 10:43:30 AM IST - Build completed in 00m03s.
01/20/14 10:43:40 AM IST - Building message catalogs...
01/20/14 10:43:40 AM IST - Building Linux x86 install...  
01/20/14 10:43:40 AM IST - Building main.tcl...
01/20/14 10:43:40 AM IST - Refreshing file groups...
01/20/14 10:43:40 AM IST - Getting file list...
01/20/14 10:43:40 AM IST - Building file manifest...
01/20/14 10:43:40 AM IST - Saving install information...
01/20/14 10:43:41 AM IST - Building install...
01/20/14 10:43:41 AM IST - Building install executable...
01/20/14 10:43:42 AM IST - Linux x86 build completed in 00m02s.
01/20/14 10:43:42 AM IST - Installer size is 1.38 MB.
01/20/14 10:43:42 AM IST - Building Linux x86 64 install...  
01/20/14 10:43:42 AM IST - Building main.tcl...
01/20/14 10:43:42 AM IST - Getting file list...
01/20/14 10:43:42 AM IST - Building file manifest...
01/20/14 10:43:42 AM IST - Saving install information...
01/20/14 10:43:43 AM IST - Building install...
01/20/14 10:43:43 AM IST - Building install executable...
01/20/14 10:43:43 AM IST - Linux x86 64 build completed in 00m01s.
01/20/14 10:43:43 AM IST - Installer size is 1.41 MB.
01/20/14 10:43:43 AM IST - Build completed in 00m03s.
01/20/14 05:17:42 PM IST - Building message catalogs...
01/20/14 05:17:42 PM IST - Building Linux x86 install...  
01/20/14 05:17:42 PM IST - Install does not exist.  Doing a full build...
01/20/14 05:17:42 PM IST - Building main.tcl...
01/20/14 05:17:42 PM IST - Refreshing file groups...
01/20/14 05:17:42 PM IST - Getting file list...
01/20/14 05:17:42 PM IST - Building file manifest...
01/20/14 05:17:42 PM IST - Saving install information...
01/20/14 05:17:44 PM IST - Building install...
01/20/14 05:17:44 PM IST - Building install executable...
01/20/14 05:17:44 PM IST - Linux x86 build completed in 00m02s.
01/20/14 05:17:44 PM IST - Installer size is 1.37 MB.
01/20/14 05:17:44 PM IST - Building Linux x86 64 install...  
01/20/14 05:17:44 PM IST - Install does not exist.  Doing a full build...
01/20/14 05:17:44 PM IST - Building main.tcl...
01/20/14 05:17:44 PM IST - Getting file list...
01/20/14 05:17:44 PM IST - Building file manifest...
01/20/14 05:17:44 PM IST - Saving install information...
01/20/14 05:17:46 PM IST - Building install...
01/20/14 05:17:46 PM IST - Building install executable...
01/20/14 05:17:46 PM IST - Linux x86 64 build completed in 00m02s.
01/20/14 05:17:46 PM IST - Installer size is 1.40 MB.
01/20/14 05:17:46 PM IST - Build completed in 00m04s.
01/20/14 05:17:49 PM IST - Building message catalogs...
01/20/14 05:17:49 PM IST - Building Linux x86 install...  
01/20/14 05:17:49 PM IST - Building main.tcl...
01/20/14 05:17:49 PM IST - Refreshing file groups...
01/20/14 05:17:49 PM IST - Getting file list...
01/20/14 05:17:49 PM IST - Building file manifest...
01/20/14 05:17:49 PM IST - Saving install information...
01/20/14 05:17:50 PM IST - Building install...
01/20/14 05:17:51 PM IST - Building install executable...
01/20/14 05:17:51 PM IST - Linux x86 build completed in 00m02s.
01/20/14 05:17:51 PM IST - Installer size is 1.37 MB.
01/20/14 05:17:51 PM IST - Building Linux x86 64 install...  
01/20/14 05:17:51 PM IST - Building main.tcl...
01/20/14 05:17:51 PM IST - Getting file list...
01/20/14 05:17:51 PM IST - Building file manifest...
01/20/14 05:17:51 PM IST - Saving install information...
01/20/14 05:17:52 PM IST - Building install...
01/20/14 05:17:52 PM IST - Building install executable...
01/20/14 05:17:53 PM IST - Linux x86 64 build completed in 00m02s.
01/20/14 05:17:53 PM IST - Installer size is 1.40 MB.
01/20/14 05:17:53 PM IST - Build completed in 00m04s.
01/20/14 05:18:25 PM IST - Building message catalogs...
01/20/14 05:18:25 PM IST - Building Linux x86 install...  
01/20/14 05:18:25 PM IST - Building main.tcl...
01/20/14 05:18:25 PM IST - Refreshing file groups...
01/20/14 05:18:25 PM IST - Getting file list...
01/20/14 05:18:25 PM IST - Building file manifest...
01/20/14 05:18:25 PM IST - Saving install information...
01/20/14 05:18:26 PM IST - Building install...
01/20/14 05:18:26 PM IST - Building install executable...
01/20/14 05:18:27 PM IST - Linux x86 build completed in 00m02s.
01/20/14 05:18:27 PM IST - Installer size is 1.37 MB.
01/20/14 05:18:27 PM IST - Building Linux x86 64 install...  
01/20/14 05:18:27 PM IST - Building main.tcl...
01/20/14 05:18:27 PM IST - Getting file list...
01/20/14 05:18:27 PM IST - Building file manifest...
01/20/14 05:18:27 PM IST - Saving install information...
01/20/14 05:18:28 PM IST - Building install...
01/20/14 05:18:28 PM IST - Building install executable...
01/20/14 05:18:28 PM IST - Linux x86 64 build completed in 00m01s.
01/20/14 05:18:28 PM IST - Installer size is 1.40 MB.
01/20/14 05:18:28 PM IST - Build completed in 00m03s.
01/20/14 05:30:12 PM IST - Building message catalogs...
01/20/14 05:30:12 PM IST - Building Linux x86 install...  
01/20/14 05:30:12 PM IST - Building main.tcl...
01/20/14 05:30:12 PM IST - Refreshing file groups...
01/20/14 05:30:12 PM IST - Getting file list...
01/20/14 05:30:12 PM IST - Building file manifest...
01/20/14 05:30:12 PM IST - Saving install information...
01/20/14 05:30:13 PM IST - Building install...
01/20/14 05:30:13 PM IST - Building install executable...
01/20/14 05:30:13 PM IST - Linux x86 build completed in 00m01s.
01/20/14 05:30:13 PM IST - Installer size is 1.37 MB.
01/20/14 05:30:13 PM IST - Building Linux x86 64 install...  
01/20/14 05:30:13 PM IST - Building main.tcl...
01/20/14 05:30:13 PM IST - Getting file list...
01/20/14 05:30:13 PM IST - Building file manifest...
01/20/14 05:30:13 PM IST - Saving install information...
01/20/14 05:30:15 PM IST - Building install...
01/20/14 05:30:15 PM IST - Building install executable...
01/20/14 05:30:15 PM IST - Linux x86 64 build completed in 00m02s.
01/20/14 05:30:15 PM IST - Installer size is 1.40 MB.
01/20/14 05:30:15 PM IST - Build completed in 00m03s.
01/20/14 05:30:28 PM IST - Building message catalogs...
01/20/14 05:30:28 PM IST - Building Linux x86 install...  
01/20/14 05:30:28 PM IST - Building main.tcl...
01/20/14 05:30:28 PM IST - Refreshing file groups...
01/20/14 05:30:28 PM IST - Getting file list...
01/20/14 05:30:28 PM IST - Building file manifest...
01/20/14 05:30:28 PM IST - Saving install information...
01/20/14 05:30:29 PM IST - Building install...
01/20/14 05:30:29 PM IST - Building install executable...
01/20/14 05:30:29 PM IST - Linux x86 build completed in 00m01s.
01/20/14 05:30:29 PM IST - Installer size is 1.37 MB.
01/20/14 05:30:29 PM IST - Building Linux x86 64 install...  
01/20/14 05:30:29 PM IST - Building main.tcl...
01/20/14 05:30:29 PM IST - Getting file list...
01/20/14 05:30:29 PM IST - Building file manifest...
01/20/14 05:30:29 PM IST - Saving install information...
01/20/14 05:30:31 PM IST - Building install...
01/20/14 05:30:31 PM IST - Building install executable...
01/20/14 05:30:31 PM IST - Linux x86 64 build completed in 00m02s.
01/20/14 05:30:31 PM IST - Installer size is 1.40 MB.
01/20/14 05:30:31 PM IST - Build completed in 00m03s.
01/20/14 07:57:02 PM IST - Building message catalogs...
01/20/14 07:57:03 PM IST - Building Linux x86 install...  
01/20/14 07:57:03 PM IST - Building main.tcl...
01/20/14 07:57:03 PM IST - Refreshing file groups...
01/20/14 07:57:03 PM IST - Getting file list...
01/20/14 07:57:03 PM IST - Building file manifest...
01/20/14 07:57:03 PM IST - Saving install information...
01/20/14 07:57:04 PM IST - Building install...
01/20/14 07:57:04 PM IST - Building install executable...
01/20/14 07:57:05 PM IST - Linux x86 build completed in 00m03s.
01/20/14 07:57:05 PM IST - Installer size is 1.37 MB.
01/20/14 07:57:05 PM IST - Building Linux x86 64 install...  
01/20/14 07:57:05 PM IST - Building main.tcl...
01/20/14 07:57:05 PM IST - Getting file list...
01/20/14 07:57:05 PM IST - Building file manifest...
01/20/14 07:57:05 PM IST - Saving install information...
01/20/14 07:57:06 PM IST - Building install...
01/20/14 07:57:06 PM IST - Building install executable...
01/20/14 07:57:06 PM IST - Linux x86 64 build completed in 00m01s.
01/20/14 07:57:06 PM IST - Installer size is 1.40 MB.
01/20/14 07:57:06 PM IST - Build completed in 00m04s.
01/20/14 07:57:51 PM IST - Building message catalogs...
01/20/14 07:57:51 PM IST - Building Linux x86 install...  
01/20/14 07:57:51 PM IST - Building main.tcl...
01/20/14 07:57:51 PM IST - Refreshing file groups...
01/20/14 07:57:51 PM IST - Getting file list...
01/20/14 07:57:51 PM IST - Building file manifest...
01/20/14 07:57:51 PM IST - Saving install information...
01/20/14 07:57:52 PM IST - Building install...
01/20/14 07:57:52 PM IST - Building install executable...
01/20/14 07:57:52 PM IST - Linux x86 build completed in 00m01s.
01/20/14 07:57:53 PM IST - Installer size is 1.37 MB.
01/20/14 07:57:53 PM IST - Building Linux x86 64 install...  
01/20/14 07:57:53 PM IST - Building main.tcl...
01/20/14 07:57:53 PM IST - Getting file list...
01/20/14 07:57:53 PM IST - Building file manifest...
01/20/14 07:57:53 PM IST - Saving install information...
01/20/14 07:57:54 PM IST - Building install...
01/20/14 07:57:54 PM IST - Building install executable...
01/20/14 07:57:54 PM IST - Linux x86 64 build completed in 00m01s.
01/20/14 07:57:54 PM IST - Installer size is 1.40 MB.
01/20/14 07:57:54 PM IST - Build completed in 00m03s.
01/20/14 07:58:35 PM IST - Building message catalogs...
01/20/14 07:58:35 PM IST - Building Linux x86 install...  
01/20/14 07:58:35 PM IST - Building main.tcl...
01/20/14 07:58:35 PM IST - Refreshing file groups...
01/20/14 07:58:35 PM IST - Getting file list...
01/20/14 07:58:35 PM IST - Building file manifest...
01/20/14 07:58:35 PM IST - Saving install information...
01/20/14 07:58:36 PM IST - Building install...
01/20/14 07:58:36 PM IST - Building install executable...
01/20/14 07:58:37 PM IST - Linux x86 build completed in 00m02s.
01/20/14 07:58:37 PM IST - Installer size is 1.37 MB.
01/20/14 07:58:37 PM IST - Building Linux x86 64 install...  
01/20/14 07:58:37 PM IST - Building main.tcl...
01/20/14 07:58:37 PM IST - Getting file list...
01/20/14 07:58:37 PM IST - Building file manifest...
01/20/14 07:58:37 PM IST - Saving install information...
01/20/14 07:58:38 PM IST - Building install...
01/20/14 07:58:38 PM IST - Building install executable...
01/20/14 07:58:39 PM IST - Linux x86 64 build completed in 00m02s.
01/20/14 07:58:39 PM IST - Installer size is 1.40 MB.
01/20/14 07:58:39 PM IST - Building tar archive...
01/20/14 07:58:39 PM IST - Getting file list...
01/20/14 07:58:39 PM IST - Gzipping tar archive...
01/20/14 07:58:39 PM IST - Tar Archive build completed in 00m00s.
01/20/14 07:58:39 PM IST - Installer size is 65.94 KB.
01/20/14 07:58:39 PM IST - Build completed in 00m04s.
01/20/14 08:00:50 PM IST - Building message catalogs...
01/20/14 08:00:50 PM IST - Building Linux x86 install...  
01/20/14 08:00:50 PM IST - Building main.tcl...
01/20/14 08:00:50 PM IST - Refreshing file groups...
01/20/14 08:00:50 PM IST - Getting file list...
01/20/14 08:00:50 PM IST - Building file manifest...
01/20/14 08:00:50 PM IST - Saving install information...
01/20/14 08:00:52 PM IST - Building install...
01/20/14 08:00:52 PM IST - Building install executable...
01/20/14 08:00:52 PM IST - Linux x86 build completed in 00m02s.
01/20/14 08:00:52 PM IST - Installer size is 1.37 MB.
01/20/14 08:00:52 PM IST - Build completed in 00m02s.
01/20/14 08:31:23 PM IST - Building message catalogs...
01/20/14 08:31:23 PM IST - Building Linux x86 install...  
01/20/14 08:31:23 PM IST - Building main.tcl...
01/20/14 08:31:23 PM IST - Refreshing file groups...
01/20/14 08:31:23 PM IST - Getting file list...
01/20/14 08:31:23 PM IST - Building file manifest...
01/20/14 08:31:23 PM IST - Saving install information...
01/20/14 08:31:24 PM IST - Building install...
01/20/14 08:31:25 PM IST - Building install executable...
01/20/14 08:31:25 PM IST - Linux x86 build completed in 00m02s.
01/20/14 08:31:25 PM IST - Installer size is 1.37 MB.
01/20/14 08:31:25 PM IST - Build completed in 00m02s.
01/20/14 08:39:55 PM IST - Building message catalogs...
01/20/14 08:39:55 PM IST - Building Linux x86 install...  
01/20/14 08:39:55 PM IST - Building main.tcl...
01/20/14 08:39:55 PM IST - Refreshing file groups...
01/20/14 08:39:55 PM IST - Getting file list...
01/20/14 08:39:55 PM IST - Building file manifest...
01/20/14 08:39:55 PM IST - Saving install information...
01/20/14 08:39:56 PM IST - Building install...
01/20/14 08:39:57 PM IST - Building install executable...
01/20/14 08:39:57 PM IST - Linux x86 build completed in 00m02s.
01/20/14 08:39:57 PM IST - Installer size is 1.37 MB.
01/20/14 08:39:57 PM IST - Build completed in 00m02s.
01/20/14 08:40:04 PM IST - Building message catalogs...
01/20/14 08:40:04 PM IST - Building Linux x86 install...  
01/20/14 08:40:04 PM IST - Building main.tcl...
01/20/14 08:40:04 PM IST - Refreshing file groups...
01/20/14 08:40:04 PM IST - Getting file list...
01/20/14 08:40:04 PM IST - Building file manifest...
01/20/14 08:40:04 PM IST - Saving install information...
01/20/14 08:40:06 PM IST - Building install...
01/20/14 08:40:06 PM IST - Building install executable...
01/20/14 08:40:06 PM IST - Linux x86 build completed in 00m02s.
01/20/14 08:40:06 PM IST - Installer size is 1.37 MB.
01/20/14 08:40:06 PM IST - Build completed in 00m02s.
01/21/14 09:55:54 AM IST - Building message catalogs...
01/21/14 09:55:54 AM IST - Building Linux x86 install...  
01/21/14 09:55:54 AM IST - Building main.tcl...
01/21/14 09:55:54 AM IST - Refreshing file groups...
01/21/14 09:55:54 AM IST - Getting file list...
01/21/14 09:55:54 AM IST - Building file manifest...
01/21/14 09:55:54 AM IST - Saving install information...
01/21/14 09:55:55 AM IST - Building install...
01/21/14 09:55:55 AM IST - Building install executable...
01/21/14 09:55:55 AM IST - Linux x86 build completed in 00m01s.
01/21/14 09:55:55 AM IST - Installer size is 1.37 MB.
01/21/14 09:55:55 AM IST - Build completed in 00m01s.
01/30/14 12:36:31 PM IST - Building message catalogs...
01/30/14 12:36:31 PM IST - Building Linux x86 64 install...  
01/30/14 12:36:31 PM IST - Building main.tcl...
01/30/14 12:36:31 PM IST - Refreshing file groups...
01/30/14 12:36:31 PM IST - Getting file list...
01/30/14 12:36:31 PM IST - Building file manifest...
01/30/14 12:36:31 PM IST - Saving install information...
01/30/14 12:36:31 PM IST - Building install...
01/30/14 12:36:32 PM IST - Building install executable...
01/30/14 12:36:32 PM IST - Linux x86 64 build completed in 00m01s.
01/30/14 12:36:32 PM IST - Installer size is 1.41 MB.
01/30/14 12:36:32 PM IST - Build completed in 00m01s.
01/30/14 12:36:46 PM IST - Building message catalogs...
01/30/14 12:36:46 PM IST - Building Linux x86 64 install...  
01/30/14 12:36:46 PM IST - Building main.tcl...
01/30/14 12:36:46 PM IST - Refreshing file groups...
01/30/14 12:36:46 PM IST - Getting file list...
01/30/14 12:36:46 PM IST - Building file manifest...
01/30/14 12:36:46 PM IST - Saving install information...
01/30/14 12:36:46 PM IST - Building install...
01/30/14 12:36:46 PM IST - Building install executable...
01/30/14 12:36:46 PM IST - Linux x86 64 build completed in 00m00s.
01/30/14 12:36:46 PM IST - Installer size is 1.41 MB.
01/30/14 12:36:46 PM IST - Build completed in 00m00s.
01/30/14 12:42:07 PM IST - Building message catalogs...
01/30/14 12:42:07 PM IST - Building Linux x86 64 install...  
01/30/14 12:42:07 PM IST - Building main.tcl...
01/30/14 12:42:07 PM IST - Refreshing file groups...
01/30/14 12:42:07 PM IST - Getting file list...
01/30/14 12:42:07 PM IST - Building file manifest...
01/30/14 12:42:07 PM IST - Saving install information...
01/30/14 12:42:07 PM IST - Building install...
01/30/14 12:42:07 PM IST - Building install executable...
01/30/14 12:42:07 PM IST - Linux x86 64 build completed in 00m00s.
01/30/14 12:42:07 PM IST - Installer size is 1.41 MB.
01/30/14 12:42:07 PM IST - Build completed in 00m00s.
01/30/14 03:29:55 PM IST - Building message catalogs...
01/30/14 03:29:55 PM IST - Building Linux x86 64 install...  
01/30/14 03:29:55 PM IST - Building main.tcl...
01/30/14 03:29:55 PM IST - Refreshing file groups...
01/30/14 03:29:55 PM IST - Getting file list...
01/30/14 03:29:55 PM IST - Building file manifest...
01/30/14 03:29:55 PM IST - Saving install information...
01/30/14 03:29:55 PM IST - Building install...
01/30/14 03:29:55 PM IST - Building install executable...
01/30/14 03:29:55 PM IST - Linux x86 64 build completed in 00m00s.
01/30/14 03:29:55 PM IST - Installer size is 1.41 MB.
01/30/14 03:29:55 PM IST - Build completed in 00m01s.
01/30/14 03:37:42 PM IST - Building message catalogs...
01/30/14 03:37:42 PM IST - Building Linux x86 64 install...  
01/30/14 03:37:42 PM IST - Building main.tcl...
01/30/14 03:37:42 PM IST - Refreshing file groups...
01/30/14 03:37:42 PM IST - Getting file list...
01/30/14 03:37:42 PM IST - Building file manifest...
01/30/14 03:37:42 PM IST - Saving install information...
01/30/14 03:37:43 PM IST - Building install...
01/30/14 03:37:43 PM IST - Building install executable...
01/30/14 03:37:43 PM IST - Linux x86 64 build completed in 00m01s.
01/30/14 03:37:43 PM IST - Installer size is 1.41 MB.
01/30/14 03:37:43 PM IST - Build completed in 00m01s.
01/31/14 10:31:09 AM IST - Building message catalogs...
01/31/14 10:31:09 AM IST - Building Linux x86 64 install...  
01/31/14 10:31:09 AM IST - Building main.tcl...
01/31/14 10:31:09 AM IST - Refreshing file groups...
01/31/14 10:31:09 AM IST - Getting file list...
01/31/14 10:31:09 AM IST - Building file manifest...
01/31/14 10:31:09 AM IST - Saving install information...
01/31/14 10:31:10 AM IST - Building install...
01/31/14 10:31:10 AM IST - Building install executable...
01/31/14 10:31:10 AM IST - Linux x86 64 build completed in 00m01s.
01/31/14 10:31:10 AM IST - Installer size is 1.45 MB.
01/31/14 10:31:10 AM IST - Build completed in 00m01s.
01/31/14 10:41:25 AM IST - Building message catalogs...
01/31/14 10:41:25 AM IST - Building Linux x86 64 install...  
01/31/14 10:41:25 AM IST - Building main.tcl...
01/31/14 10:41:25 AM IST - Refreshing file groups...
01/31/14 10:41:25 AM IST - Getting file list...
01/31/14 10:41:25 AM IST - Building file manifest...
01/31/14 10:41:25 AM IST - Saving install information...
01/31/14 10:41:25 AM IST - Building install...
01/31/14 10:41:25 AM IST - Building install executable...
01/31/14 10:41:25 AM IST - Linux x86 64 build completed in 00m00s.
01/31/14 10:41:25 AM IST - Installer size is 1.45 MB.
01/31/14 10:41:25 AM IST - Build completed in 00m00s.
01/31/14 02:07:43 PM IST - Building message catalogs...
01/31/14 02:07:43 PM IST - Building Linux x86 64 install...  
01/31/14 02:07:43 PM IST - Building main.tcl...
01/31/14 02:07:43 PM IST - Refreshing file groups...
01/31/14 02:07:43 PM IST - Getting file list...
01/31/14 02:07:43 PM IST - Building file manifest...
01/31/14 02:07:43 PM IST - Saving install information...
01/31/14 02:07:44 PM IST - Building install...
01/31/14 02:07:44 PM IST - Building install executable...
01/31/14 02:07:44 PM IST - Linux x86 64 build completed in 00m01s.
01/31/14 02:07:44 PM IST - Installer size is 1.45 MB.
01/31/14 02:07:44 PM IST - Build completed in 00m01s.
01/31/14 02:07:52 PM IST - Building message catalogs...
01/31/14 02:07:52 PM IST - Building Linux x86 64 install...  
01/31/14 02:07:52 PM IST - Building main.tcl...
01/31/14 02:07:52 PM IST - Refreshing file groups...
01/31/14 02:07:52 PM IST - Getting file list...
01/31/14 02:07:52 PM IST - Building file manifest...
01/31/14 02:07:52 PM IST - Saving install information...
01/31/14 02:07:53 PM IST - Building install...
01/31/14 02:07:53 PM IST - Building install executable...
01/31/14 02:07:53 PM IST - Linux x86 64 build completed in 00m01s.
01/31/14 02:07:53 PM IST - Installer size is 1.45 MB.
01/31/14 02:07:53 PM IST - Build completed in 00m01s.
02/25/14 06:25:18 PM IST - Building message catalogs...
02/25/14 06:25:18 PM IST - Building Linux x86 64 install...  
02/25/14 06:25:18 PM IST - Building main.tcl...
02/25/14 06:25:18 PM IST - Refreshing file groups...
02/25/14 06:25:18 PM IST - Getting file list...
02/25/14 06:25:18 PM IST - Building file manifest...
02/25/14 06:25:18 PM IST - Saving install information...
02/25/14 06:25:18 PM IST - Building install...
02/25/14 06:25:18 PM IST - Building install executable...
02/25/14 06:25:18 PM IST - Linux x86 64 build completed in 00m00s.
02/25/14 06:25:18 PM IST - Installer size is 1.45 MB.
02/25/14 06:25:18 PM IST - Build completed in 00m00s.
02/25/14 07:45:53 PM IST - Building message catalogs...
02/25/14 07:45:53 PM IST - Building Linux x86 64 install...  
02/25/14 07:45:53 PM IST - Building main.tcl...
02/25/14 07:45:53 PM IST - Refreshing file groups...
02/25/14 07:45:53 PM IST - Getting file list...
02/25/14 07:45:53 PM IST - Building file manifest...
02/25/14 07:45:53 PM IST - Saving install information...
02/25/14 07:45:54 PM IST - Building install...
02/25/14 07:45:54 PM IST - Building install executable...
02/25/14 07:45:54 PM IST - Linux x86 64 build completed in 00m01s.
02/25/14 07:45:54 PM IST - Installer size is 1.45 MB.
02/25/14 07:45:54 PM IST - Build completed in 00m01s.
02/25/14 07:46:02 PM IST - Building message catalogs...
02/25/14 07:46:02 PM IST - Building Linux x86 64 install...  
02/25/14 07:46:02 PM IST - Building main.tcl...
02/25/14 07:46:02 PM IST - Refreshing file groups...
02/25/14 07:46:02 PM IST - Getting file list...
02/25/14 07:46:02 PM IST - Building file manifest...
02/25/14 07:46:02 PM IST - Saving install information...
02/25/14 07:46:02 PM IST - Building install...
02/25/14 07:46:02 PM IST - Building install executable...
02/25/14 07:46:02 PM IST - Linux x86 64 build completed in 00m00s.
02/25/14 07:46:02 PM IST - Installer size is 1.45 MB.
02/25/14 07:46:02 PM IST - Build completed in 00m00s.
02/26/14 08:59:43 AM IST - Building message catalogs...
02/26/14 08:59:43 AM IST - Building Linux x86 64 install...  
02/26/14 08:59:43 AM IST - Building main.tcl...
02/26/14 08:59:43 AM IST - Refreshing file groups...
02/26/14 08:59:43 AM IST - Getting file list...
02/26/14 08:59:43 AM IST - Building file manifest...
02/26/14 08:59:43 AM IST - Saving install information...
02/26/14 08:59:43 AM IST - Building install...
02/26/14 08:59:43 AM IST - Building install executable...
02/26/14 08:59:44 AM IST - Linux x86 64 build completed in 00m01s.
02/26/14 08:59:44 AM IST - Installer size is 1.46 MB.
02/26/14 08:59:44 AM IST - Build completed in 00m01s.
02/26/14 08:59:52 AM IST - Building message catalogs...
02/26/14 08:59:52 AM IST - Building Linux x86 64 install...  
02/26/14 08:59:52 AM IST - Building main.tcl...
02/26/14 08:59:52 AM IST - Refreshing file groups...
02/26/14 08:59:52 AM IST - Getting file list...
02/26/14 08:59:52 AM IST - Building file manifest...
02/26/14 08:59:52 AM IST - Saving install information...
02/26/14 08:59:53 AM IST - Building install...
02/26/14 08:59:53 AM IST - Building install executable...
02/26/14 08:59:53 AM IST - Linux x86 64 build completed in 00m01s.
02/26/14 08:59:53 AM IST - Installer size is 1.46 MB.
02/26/14 08:59:53 AM IST - Build completed in 00m01s.
02/27/14 12:41:28 PM IST - Building message catalogs...
02/27/14 12:41:28 PM IST - Building Linux x86 64 install...  
02/27/14 12:41:28 PM IST - Building main.tcl...
02/27/14 12:41:28 PM IST - Refreshing file groups...
02/27/14 12:41:28 PM IST - Getting file list...
02/27/14 12:41:28 PM IST - Building file manifest...
02/27/14 12:41:28 PM IST - Saving install information...
02/27/14 12:41:28 PM IST - Building install...
02/27/14 12:41:28 PM IST - Building install executable...
02/27/14 12:41:29 PM IST - Linux x86 64 build completed in 00m01s.
02/27/14 12:41:29 PM IST - Installer size is 1.46 MB.
02/27/14 12:41:29 PM IST - Build completed in 00m01s.
02/27/14 01:37:28 PM IST - Building message catalogs...
02/27/14 01:37:28 PM IST - Building Linux x86 64 install...  
02/27/14 01:37:28 PM IST - Building main.tcl...
02/27/14 01:37:28 PM IST - Refreshing file groups...
02/27/14 01:37:28 PM IST - Getting file list...
02/27/14 01:37:28 PM IST - Building file manifest...
02/27/14 01:37:28 PM IST - Saving install information...
02/27/14 01:37:29 PM IST - Building install...
02/27/14 01:37:29 PM IST - Building install executable...
02/27/14 01:37:29 PM IST - Linux x86 64 build completed in 00m01s.
02/27/14 01:37:29 PM IST - Installer size is 1.48 MB.
02/27/14 01:37:29 PM IST - Build completed in 00m01s.
02/27/14 01:39:34 PM IST - Building message catalogs...
02/27/14 01:39:34 PM IST - Building Linux x86 64 install...  
02/27/14 01:39:34 PM IST - Building main.tcl...
02/27/14 01:39:34 PM IST - Refreshing file groups...
02/27/14 01:39:34 PM IST - Getting file list...
02/27/14 01:39:34 PM IST - Building file manifest...
02/27/14 01:39:34 PM IST - Saving install information...
02/27/14 01:39:34 PM IST - Building install...
02/27/14 01:39:34 PM IST - Building install executable...
02/27/14 01:39:34 PM IST - Linux x86 64 build completed in 00m00s.
02/27/14 01:39:34 PM IST - Installer size is 1.48 MB.
02/27/14 01:39:34 PM IST - Build completed in 00m00s.
02/27/14 01:39:41 PM IST - Building message catalogs...
02/27/14 01:39:41 PM IST - Building Linux x86 64 install...  
02/27/14 01:39:41 PM IST - Building main.tcl...
02/27/14 01:39:41 PM IST - Refreshing file groups...
02/27/14 01:39:41 PM IST - Getting file list...
02/27/14 01:39:41 PM IST - Building file manifest...
02/27/14 01:39:41 PM IST - Saving install information...
02/27/14 01:39:41 PM IST - Building install...
02/27/14 01:39:41 PM IST - Building install executable...
02/27/14 01:39:41 PM IST - Linux x86 64 build completed in 00m00s.
02/27/14 01:39:41 PM IST - Installer size is 1.48 MB.
02/27/14 01:39:41 PM IST - Build completed in 00m00s.
02/27/14 07:11:31 PM IST - Building message catalogs...
02/27/14 07:11:31 PM IST - Building Linux x86 64 install...  
02/27/14 07:11:31 PM IST - Building main.tcl...
02/27/14 07:11:31 PM IST - Refreshing file groups...
02/27/14 07:11:31 PM IST - Getting file list...
02/27/14 07:11:31 PM IST - Building file manifest...
02/27/14 07:11:31 PM IST - Saving install information...
02/27/14 07:11:31 PM IST - Building install...
02/27/14 07:11:31 PM IST - Building install executable...
02/27/14 07:11:32 PM IST - Linux x86 64 build completed in 00m01s.
02/27/14 07:11:32 PM IST - Installer size is 8.04 MB.
02/27/14 07:11:32 PM IST - Build completed in 00m01s.
02/28/14 06:06:50 PM IST - Building message catalogs...
02/28/14 06:06:50 PM IST - Building Linux x86 64 install...  
02/28/14 06:06:50 PM IST - Building main.tcl...
02/28/14 06:06:50 PM IST - Refreshing file groups...
02/28/14 06:06:50 PM IST - Getting file list...
02/28/14 06:06:50 PM IST - Building file manifest...
02/28/14 06:06:50 PM IST - Saving install information...
02/28/14 06:06:51 PM IST - Building install...
02/28/14 06:06:51 PM IST - Building install executable...
02/28/14 06:06:52 PM IST - Linux x86 64 build completed in 00m02s.
02/28/14 06:06:52 PM IST - Installer size is 8.04 MB.
02/28/14 06:06:52 PM IST - Build completed in 00m02s.
02/28/14 06:07:00 PM IST - Building message catalogs...
02/28/14 06:07:00 PM IST - Building Linux x86 64 install...  
02/28/14 06:07:00 PM IST - Building main.tcl...
02/28/14 06:07:00 PM IST - Refreshing file groups...
02/28/14 06:07:00 PM IST - Getting file list...
02/28/14 06:07:00 PM IST - Building file manifest...
02/28/14 06:07:00 PM IST - Saving install information...
02/28/14 06:07:00 PM IST - Building install...
02/28/14 06:07:00 PM IST - Building install executable...
02/28/14 06:07:01 PM IST - Linux x86 64 build completed in 00m01s.
02/28/14 06:07:01 PM IST - Installer size is 8.04 MB.
02/28/14 06:07:01 PM IST - Build completed in 00m01s.
02/28/14 06:07:22 PM IST - Building message catalogs...
02/28/14 06:07:22 PM IST - Building Linux x86 64 install...  
02/28/14 06:07:22 PM IST - Building main.tcl...
02/28/14 06:07:22 PM IST - Refreshing file groups...
02/28/14 06:07:22 PM IST - Getting file list...
02/28/14 06:07:22 PM IST - Building file manifest...
02/28/14 06:07:22 PM IST - Saving install information...
02/28/14 06:07:22 PM IST - Building install...
02/28/14 06:07:22 PM IST - Building install executable...
02/28/14 06:07:23 PM IST - Linux x86 64 build completed in 00m01s.
02/28/14 06:07:23 PM IST - Installer size is 8.04 MB.
02/28/14 06:07:23 PM IST - Build completed in 00m01s.
02/28/14 06:20:04 PM IST - Building message catalogs...
02/28/14 06:20:04 PM IST - Building Linux x86 64 install...  
02/28/14 06:20:04 PM IST - Building main.tcl...
02/28/14 06:20:04 PM IST - Refreshing file groups...
02/28/14 06:20:04 PM IST - Getting file list...
02/28/14 06:20:04 PM IST - Building file manifest...
02/28/14 06:20:04 PM IST - Saving install information...
02/28/14 06:20:04 PM IST - Building install...
02/28/14 06:20:04 PM IST - Building install executable...
02/28/14 06:20:06 PM IST - Linux x86 64 build completed in 00m02s.
02/28/14 06:20:06 PM IST - Installer size is 8.04 MB.
02/28/14 06:20:06 PM IST - Build completed in 00m02s.
04/01/14 04:19:26 PM IST - Building message catalogs...
04/01/14 04:19:26 PM IST - Building Linux x86 64 install...  
04/01/14 04:19:26 PM IST - Building main.tcl...
04/01/14 04:19:26 PM IST - Refreshing file groups...
04/01/14 04:19:26 PM IST - Getting file list...
04/01/14 04:19:26 PM IST - Building file manifest...
04/01/14 04:19:26 PM IST - Saving install information...
04/01/14 04:19:26 PM IST - Building install...
04/01/14 04:19:26 PM IST - Building install executable...
04/01/14 04:19:28 PM IST - Linux x86 64 build completed in 00m02s.
04/01/14 04:19:28 PM IST - Installer size is 8.04 MB.
04/01/14 04:19:28 PM IST - Build completed in 00m02s.
04/15/14 10:41:48 AM IST - Building message catalogs...
04/15/14 10:41:48 AM IST - Building Linux x86 64 install...  
04/15/14 10:41:48 AM IST - Building main.tcl...
04/15/14 10:41:48 AM IST - Refreshing file groups...
04/15/14 10:41:48 AM IST - Getting file list...
04/15/14 10:41:48 AM IST - Building file manifest...
04/15/14 10:41:48 AM IST - Saving install information...
04/15/14 10:41:49 AM IST - Building install...
04/15/14 10:41:49 AM IST - Building install executable...
04/15/14 10:41:50 AM IST - Linux x86 64 build completed in 00m02s.
04/15/14 10:41:50 AM IST - Installer size is 8.06 MB.
04/15/14 10:41:50 AM IST - Build completed in 00m02s.
04/15/14 02:45:32 PM IST - Building message catalogs...
04/15/14 02:45:32 PM IST - Building Linux x86 64 install...  
04/15/14 02:45:32 PM IST - Building main.tcl...
04/15/14 02:45:32 PM IST - Refreshing file groups...
04/15/14 02:45:32 PM IST - Getting file list...
04/15/14 02:45:32 PM IST - Building file manifest...
04/15/14 02:45:32 PM IST - Saving install information...
04/15/14 02:45:32 PM IST - Building install...
04/15/14 02:45:32 PM IST - Building install executable...
04/15/14 02:45:33 PM IST - Linux x86 64 build completed in 00m01s.
04/15/14 02:45:33 PM IST - Installer size is 8.06 MB.
04/15/14 02:45:33 PM IST - Build completed in 00m01s.
04/15/14 02:45:40 PM IST - Building message catalogs...
04/15/14 02:45:40 PM IST - Building Linux x86 64 install...  
04/15/14 02:45:40 PM IST - Building main.tcl...
04/15/14 02:45:40 PM IST - Refreshing file groups...
04/15/14 02:45:40 PM IST - Getting file list...
04/15/14 02:45:40 PM IST - Building file manifest...
04/15/14 02:45:40 PM IST - Saving install information...
04/15/14 02:45:41 PM IST - Building install...
04/15/14 02:45:41 PM IST - Building install executable...
04/15/14 02:45:42 PM IST - Linux x86 64 build completed in 00m02s.
04/15/14 02:45:42 PM IST - Installer size is 8.06 MB.
04/15/14 02:45:42 PM IST - Build completed in 00m02s.
05/28/14 05:11:11 PM IST - Building message catalogs...
05/28/14 05:11:11 PM IST - Building Linux x86 64 install...  
05/28/14 05:11:11 PM IST - Building main.tcl...
05/28/14 05:11:11 PM IST - Refreshing file groups...
05/28/14 05:11:11 PM IST - Getting file list...
05/28/14 05:11:11 PM IST - Building file manifest...
05/28/14 05:11:11 PM IST - Saving install information...
05/28/14 05:11:11 PM IST - Building install...
05/28/14 05:11:12 PM IST - Building install executable...
05/28/14 05:11:13 PM IST - Linux x86 64 build completed in 00m02s.
05/28/14 05:11:13 PM IST - Installer size is 8.06 MB.
05/28/14 05:11:13 PM IST - Build completed in 00m02s.
05/28/14 05:54:27 PM IST - Building message catalogs...
05/28/14 05:54:27 PM IST - Building Linux x86 64 install...  
05/28/14 05:54:27 PM IST - Building main.tcl...
05/28/14 05:54:27 PM IST - Refreshing file groups...
05/28/14 05:54:27 PM IST - Getting file list...
05/28/14 05:54:27 PM IST - Building file manifest...
05/28/14 05:54:27 PM IST - Saving install information...
05/28/14 05:54:27 PM IST - Building install...
05/28/14 05:54:27 PM IST - Building install executable...
05/28/14 05:54:29 PM IST - Linux x86 64 build completed in 00m02s.
05/28/14 05:54:29 PM IST - Installer size is 8.06 MB.
05/28/14 05:54:29 PM IST - Build completed in 00m02s.
05/28/14 05:54:39 PM IST - Building message catalogs...
05/28/14 05:54:39 PM IST - Building Linux x86 64 install...  
05/28/14 05:54:39 PM IST - Building main.tcl...
05/28/14 05:54:39 PM IST - Refreshing file groups...
05/28/14 05:54:39 PM IST - Getting file list...
05/28/14 05:54:39 PM IST - Building file manifest...
05/28/14 05:54:39 PM IST - Saving install information...
05/28/14 05:54:39 PM IST - Building install...
05/28/14 05:54:39 PM IST - Building install executable...
05/28/14 05:54:40 PM IST - Linux x86 64 build completed in 00m01s.
05/28/14 05:54:40 PM IST - Installer size is 8.06 MB.
05/28/14 05:54:40 PM IST - Build completed in 00m01s.
05/29/14 03:15:38 PM IST - Building message catalogs...
05/29/14 03:15:38 PM IST - Building Linux x86 64 install...  
05/29/14 03:15:38 PM IST - Building main.tcl...
05/29/14 03:15:38 PM IST - Refreshing file groups...
05/29/14 03:15:38 PM IST - Getting file list...
05/29/14 03:15:38 PM IST - Building file manifest...
05/29/14 03:15:38 PM IST - Saving install information...
05/29/14 03:15:38 PM IST - Building install...
05/29/14 03:15:39 PM IST - Building install executable...
05/29/14 03:15:40 PM IST - Linux x86 64 build completed in 00m02s.
05/29/14 03:15:40 PM IST - Installer size is 8.06 MB.
05/29/14 03:15:40 PM IST - Build completed in 00m02s.
05/30/14 10:13:08 AM IST - Building message catalogs...
05/30/14 10:13:08 AM IST - Building Linux x86 64 install...  
05/30/14 10:13:08 AM IST - Building main.tcl...
05/30/14 10:13:08 AM IST - Refreshing file groups...
05/30/14 10:13:08 AM IST - Getting file list...
05/30/14 10:13:08 AM IST - Building file manifest...
05/30/14 10:13:08 AM IST - Saving install information...
05/30/14 10:13:08 AM IST - Building install...
05/30/14 10:13:08 AM IST - Building install executable...
05/30/14 10:13:09 AM IST - Linux x86 64 build completed in 00m01s.
05/30/14 10:13:09 AM IST - Installer size is 8.06 MB.
05/30/14 10:13:09 AM IST - Build completed in 00m01s.
05/30/14 10:13:22 AM IST - Building message catalogs...
05/30/14 10:13:22 AM IST - Building Linux x86 64 install...  
05/30/14 10:13:22 AM IST - Building main.tcl...
05/30/14 10:13:22 AM IST - Refreshing file groups...
05/30/14 10:13:22 AM IST - Getting file list...
05/30/14 10:13:22 AM IST - Building file manifest...
05/30/14 10:13:22 AM IST - Saving install information...
05/30/14 10:13:22 AM IST - Building install...
05/30/14 10:13:22 AM IST - Building install executable...
05/30/14 10:13:24 AM IST - Linux x86 64 build completed in 00m02s.
05/30/14 10:13:24 AM IST - Installer size is 8.06 MB.
05/30/14 10:13:24 AM IST - Build completed in 00m02s.
